-------------------------------------------------------------------------------
Test set: com.clients.springboot.web.app.SpringBootDataJpaApplicationTests
-------------------------------------------------------------------------------
Tests run: 1, Failures: 0, Errors: 1, Skipped: 0, Time elapsed: 0.008 s <<< FAILURE! - in com.clients.springboot.web.app.SpringBootDataJpaApplicationTests
com.clients.springboot.web.app.SpringBootDataJpaApplicationTests  Time elapsed: 0.008 s  <<< ERROR!
java.lang.IllegalStateException: Unable to find a @SpringBootConfiguration, you need to use @ContextConfiguration or @SpringBootTest(classes=...) with your test

