<?xml version="1.0" encoding="UTF-8"?>
<testsuite xmlns:xsi="http://www.w3.org/2001/XMLSchema-instance" xsi:noNamespaceSchemaLocation="https://maven.apache.org/surefire/maven-surefire-plugin/xsd/surefire-test-report.xsd" name="com.clients.springboot.web.app.SpringBootDataJpaApplicationTests" time="0.008" tests="1" errors="1" skipped="0" failures="0">
  <properties>
[...]
</properties>
  <testcase name="com.clients.springboot.web.app.SpringBootDataJpaApplicationTests" classname="com.clients.springboot.web.app.SpringBootDataJpaApplicationTests" time="0.008">
    <error message="Unable to find a @SpringBootConfiguration, you need to use @ContextConfiguration or @SpringBootTest(classes=...) with your test" type="java.lang.IllegalStateException">java.lang.IllegalStateException: Unable to find a @SpringBootConfiguration, you need to use @ContextConfiguration or @SpringBootTest(classes=...) with your test
</error>
    <system-out><![CDATA[17:29:50.846 [main] DEBUG org.springframework.test.context.BootstrapUtils - Instantiating CacheAwareContextLoaderDelegate from class [org.springframework.test.context.cache.DefaultCacheAwareContextLoaderDelegate]
17:29:50.847 [main] DEBUG org.springframework.test.context.BootstrapUtils - Instantiating BootstrapContext using constructor [public org.springframework.test.context.support.DefaultBootstrapContext(java.lang.Class,org.springframework.test.context.CacheAwareContextLoaderDelegate)]
17:29:50.849 [main] DEBUG org.springframework.test.context.BootstrapUtils - Instantiating TestContextBootstrapper for test class [com.clients.springboot.web.app.SpringBootDataJpaApplicationTests] from class [org.springframework.boot.test.context.SpringBootTestContextBootstrapper]
17:29:50.850 [main] INFO org.springframework.boot.test.context.SpringBootTestContextBootstrapper - Neither @ContextConfiguration nor @ContextHierarchy found for test class [com.clients.springboot.web.app.SpringBootDataJpaApplicationTests], using SpringBootContextLoader
17:29:50.853 [main] DEBUG org.springframework.test.context.support.AbstractContextLoader - Did not detect default resource location for test class [com.clients.springboot.web.app.SpringBootDataJpaApplicationTests]: class path resource [com/clients/springboot/web/app/SpringBootDataJpaApplicationTests-context.xml] does not exist
17:29:50.856 [main] DEBUG org.springframework.test.context.support.AbstractContextLoader - Did not detect default resource location for test class [com.clients.springboot.web.app.SpringBootDataJpaApplicationTests]: class path resource [com/clients/springboot/web/app/SpringBootDataJpaApplicationTestsContext.groovy] does not exist
17:29:50.856 [main] INFO org.springframework.test.context.support.AbstractContextLoader - Could not detect default resource locations for test class [com.clients.springboot.web.app.SpringBootDataJpaApplicationTests]: no resource found for suffixes {-context.xml, Context.groovy}.
17:29:50.856 [main] INFO org.springframework.test.context.support.AnnotationConfigContextLoaderUtils - Could not detect default configuration classes for test class [com.clients.springboot.web.app.SpringBootDataJpaApplicationTests]: SpringBootDataJpaApplicationTests does not declare any static, non-private, non-final, nested classes annotated with @Configuration.
17:29:50.861 [main] DEBUG org.springframework.test.context.support.ActiveProfilesUtils - Could not find an 'annotation declaring class' for annotation type [org.springframework.test.context.ActiveProfiles] and class [com.clients.springboot.web.app.SpringBootDataJpaApplicationTests]
]]></system-out>
  </testcase>
</testsuite>